<?xml version="1.0" encoding="UTF-8"?>
<testsuite name="com.example.demo.infrastructure.driving.controller.BookControllerTest" tests="4" skipped="0" failures="0" errors="0" timestamp="2025-04-17T14:19:53.902Z" hostname="Hugo-Linux" time="1.526">
  <properties/>
  <testcase name="should return 500 when use case throws unexpected exception()" classname="com.example.demo.infrastructure.driving.controller.BookControllerTest" time="0.667"/>
  <testcase name="should return books when GET is called()" classname="com.example.demo.infrastructure.driving.controller.BookControllerTest" time="0.819"/>
  <testcase name="should return 400 when POST payload is invalid()" classname="com.example.demo.infrastructure.driving.controller.BookControllerTest" time="0.019"/>
  <testcase name="should create a book when POST is called()" classname="com.example.demo.infrastructure.driving.controller.BookControllerTest" time="0.014"/>
  <system-out><![CDATA[2025-04-17T16:19:52.501+02:00  INFO 91501 --- [TP1] [    Test worker] t.c.s.AnnotationConfigContextLoaderUtils : Could not detect default configuration classes for test class [com.example.demo.infrastructure.driving.controller.BookControllerTest]: BookControllerTest does not declare any static, non-private, non-final, nested classes annotated with @Configuration.
2025-04-17T16:19:52.543+02:00  INFO 91501 --- [TP1] [    Test worker] .b.t.c.SpringBootTestContextBootstrapper : Found @SpringBootConfiguration com.example.demo.Tp1Application for test class com.example.demo.infrastructure.driving.controller.BookControllerTest

  .   ____          _            __ _ _
 /\\ / ___'_ __ _ _(_)_ __  __ _ \ \ \ \
( ( )\___ | '_ | '_| | '_ \/ _` | \ \ \ \
 \\/  ___)| |_)| | | | | || (_| |  ) ) ) )
  '  |____| .__|_| |_|_| |_\__, | / / / /
 =========|_|==============|___/=/_/_/_/

 :: Spring Boot ::                (v3.4.4)

2025-04-17T16:19:52.595+02:00  INFO 91501 --- [TP1] [    Test worker] c.e.d.i.d.controller.BookControllerTest  : Starting BookControllerTest using Java 21.0.6 with PID 91501 (started by hugo in /home/hugo/Travail/projects/test/TP1)
2025-04-17T16:19:52.596+02:00  INFO 91501 --- [TP1] [    Test worker] c.e.d.i.d.controller.BookControllerTest  : No active profile set, falling back to 1 default profile: "default"
2025-04-17T16:19:53.850+02:00  INFO 91501 --- [TP1] [    Test worker] o.s.b.t.m.w.SpringBootMockServletContext : Initializing Spring TestDispatcherServlet ''
2025-04-17T16:19:53.851+02:00  INFO 91501 --- [TP1] [    Test worker] o.s.t.web.servlet.TestDispatcherServlet  : Initializing Servlet ''
2025-04-17T16:19:53.854+02:00  INFO 91501 --- [TP1] [    Test worker] o.s.t.web.servlet.TestDispatcherServlet  : Completed initialization in 1 ms
2025-04-17T16:19:53.891+02:00  INFO 91501 --- [TP1] [    Test worker] c.e.d.i.d.controller.BookControllerTest  : Started BookControllerTest in 1.336 seconds (process running for 18.157)
]]></system-out>
  <system-err><![CDATA[WARNING: A Java agent has been loaded dynamically (/home/hugo/.gradle/caches/modules-2/files-2.1/net.bytebuddy/byte-buddy-agent/1.15.11/a38b16385e867f59a641330f0362ebe742788ed8/byte-buddy-agent-1.15.11.jar)
WARNING: If a serviceability tool is in use, please run with -XX:+EnableDynamicAgentLoading to hide this warning
WARNING: If a serviceability tool is not in use, please run with -Djdk.instrument.traceUsage for more information
WARNING: Dynamic loading of agents will be disallowed by default in a future release
]]></system-err>
</testsuite>
