<?xml version="1.0" encoding="UTF-8"?>
<testsuite name="com.example.demo.infrastructure.driven.postgres.BookDAOTest" tests="3" skipped="0" failures="0" errors="0" timestamp="2025-04-17T14:19:51.542Z" hostname="Hugo-Linux" time="0.14">
  <properties/>
  <testcase name="should save and retrieve a book()" classname="com.example.demo.infrastructure.driven.postgres.BookDAOTest" time="0.121"/>
  <testcase name="should save and retrieve multiple books()" classname="com.example.demo.infrastructure.driven.postgres.BookDAOTest" time="0.012"/>
  <testcase name="should retrieve empty list when no books()" classname="com.example.demo.infrastructure.driven.postgres.BookDAOTest" time="0.004"/>
  <system-out><![CDATA[16:19:42.789 [Test worker] INFO org.testcontainers.images.PullPolicy -- Image pull policy will be performed by: DefaultPullPolicy()
16:19:42.798 [Test worker] INFO org.testcontainers.utility.ImageNameSubstitutor -- Image name substitution will be performed by: DefaultImageNameSubstitutor (composite of 'ConfigurationFileImageNameSubstitutor' and 'PrefixingImageNameSubstitutor')
16:19:43.227 [Test worker] INFO org.testcontainers.dockerclient.DockerClientProviderStrategy -- Loaded org.testcontainers.dockerclient.UnixSocketClientProviderStrategy from ~/.testcontainers.properties, will try it first
16:19:43.725 [Test worker] INFO org.testcontainers.dockerclient.DockerClientProviderStrategy -- Found Docker environment with local Unix socket (unix:///var/run/docker.sock)
16:19:43.726 [Test worker] INFO org.testcontainers.DockerClientFactory -- Docker host IP address is localhost
16:19:43.812 [Test worker] INFO org.testcontainers.DockerClientFactory -- Connected to docker: 
  Server Version: 28.0.4
  API Version: 1.48
  Operating System: Linux Mint 21.3
  Total Memory: 15680 MB
16:19:43.845 [Test worker] INFO tc.testcontainers/ryuk:0.5.1 -- Creating container for image: testcontainers/ryuk:0.5.1
16:19:43.852 [Test worker] INFO org.testcontainers.utility.RegistryAuthLocator -- Failure when attempting to lookup auth config. Please ignore if you don't have images in an authenticated registry. Details: (dockerImageName: testcontainers/ryuk:0.5.1, configFile: /home/hugo/.docker/config.json, configEnv: DOCKER_AUTH_CONFIG). Falling back to docker-java default behaviour. Exception message: Status 404: No config supplied. Checked in order: /home/hugo/.docker/config.json (file not found), DOCKER_AUTH_CONFIG (not set)
16:19:44.420 [Test worker] INFO tc.testcontainers/ryuk:0.5.1 -- Container testcontainers/ryuk:0.5.1 is starting: 43a6a18ad09828bbbab615af3f22afc58964bee355f44ca5a10387f11bbbba70
16:19:44.846 [Test worker] INFO tc.testcontainers/ryuk:0.5.1 -- Container testcontainers/ryuk:0.5.1 started in PT1.001021527S
16:19:44.856 [Test worker] INFO org.testcontainers.utility.RyukResourceReaper -- Ryuk started - will monitor and terminate Testcontainers containers on JVM exit
16:19:44.856 [Test worker] INFO org.testcontainers.DockerClientFactory -- Checking the system...
16:19:44.857 [Test worker] INFO org.testcontainers.DockerClientFactory -- ✔︎ Docker server version should be at least 1.6.0
16:19:44.858 [Test worker] INFO tc.postgres:15 -- Creating container for image: postgres:15
16:19:45.199 [Test worker] INFO tc.postgres:15 -- Container postgres:15 is starting: 61e901dc41830f06226fe5213530aecb2742ca26b06ff4240851aa977356e285
16:19:46.588 [Test worker] INFO tc.postgres:15 -- Container postgres:15 started in PT1.729596767S
16:19:46.589 [Test worker] INFO tc.postgres:15 -- Container is started (JDBC URL: jdbc:postgresql://localhost:32771/testdb?loggerLevel=OFF)
16:19:46.713 [Test worker] INFO org.springframework.test.context.support.AnnotationConfigContextLoaderUtils -- Could not detect default configuration classes for test class [com.example.demo.infrastructure.driven.postgres.BookDAOTest]: BookDAOTest does not declare any static, non-private, non-final, nested classes annotated with @Configuration.
16:19:47.258 [Test worker] INFO org.springframework.boot.test.context.SpringBootTestContextBootstrapper -- Found @SpringBootConfiguration com.example.demo.Tp1Application for test class com.example.demo.infrastructure.driven.postgres.BookDAOTest

  .   ____          _            __ _ _
 /\\ / ___'_ __ _ _(_)_ __  __ _ \ \ \ \
( ( )\___ | '_ | '_| | '_ \/ _` | \ \ \ \
 \\/  ___)| |_)| | | | | || (_| |  ) ) ) )
  '  |____| .__|_| |_|_| |_\__, | / / / /
 =========|_|==============|___/=/_/_/_/

 :: Spring Boot ::                (v3.4.4)

2025-04-17T16:19:47.983+02:00  INFO 91501 --- [TP1] [    Test worker] c.e.d.i.driven.postgres.BookDAOTest      : Starting BookDAOTest using Java 21.0.6 with PID 91501 (started by hugo in /home/hugo/Travail/projects/test/TP1)
2025-04-17T16:19:47.985+02:00  INFO 91501 --- [TP1] [    Test worker] c.e.d.i.driven.postgres.BookDAOTest      : No active profile set, falling back to 1 default profile: "default"
2025-04-17T16:19:49.349+02:00  INFO 91501 --- [TP1] [    Test worker] com.zaxxer.hikari.HikariDataSource       : HikariPool-1 - Starting...
2025-04-17T16:19:49.657+02:00  INFO 91501 --- [TP1] [    Test worker] com.zaxxer.hikari.pool.HikariPool        : HikariPool-1 - Added connection org.postgresql.jdbc.PgConnection@5c0b55bc
2025-04-17T16:19:49.660+02:00  INFO 91501 --- [TP1] [    Test worker] com.zaxxer.hikari.HikariDataSource       : HikariPool-1 - Start completed.
2025-04-17T16:19:50.101+02:00  INFO 91501 --- [TP1] [    Test worker] liquibase.database                       : Set default schema name to public
2025-04-17T16:19:50.620+02:00  INFO 91501 --- [TP1] [    Test worker] liquibase.changelog                      : Creating database history table with name: public.databasechangelog
2025-04-17T16:19:50.660+02:00  INFO 91501 --- [TP1] [    Test worker] liquibase.changelog                      : Reading from public.databasechangelog
2025-04-17T16:19:50.743+02:00  INFO 91501 --- [TP1] [    Test worker] liquibase.lockservice                    : Successfully acquired change log lock
2025-04-17T16:19:50.745+02:00  INFO 91501 --- [TP1] [    Test worker] liquibase.command                        : Using deploymentId: 4899590744
2025-04-17T16:19:50.747+02:00  INFO 91501 --- [TP1] [    Test worker] liquibase.changelog                      : Reading from public.databasechangelog
2025-04-17T16:19:50.761+02:00  INFO 91501 --- [TP1] [    Test worker] liquibase.ui                             : Running Changeset: db/changelog.xml::202504171600::hugo
2025-04-17T16:19:50.770+02:00  INFO 91501 --- [TP1] [    Test worker] liquibase.changelog                      : Table book created
2025-04-17T16:19:50.771+02:00  INFO 91501 --- [TP1] [    Test worker] liquibase.changelog                      : ChangeSet db/changelog.xml::202504171600::hugo ran successfully in 9ms
2025-04-17T16:19:50.781+02:00  INFO 91501 --- [TP1] [    Test worker] liquibase.util                           : UPDATE SUMMARY
2025-04-17T16:19:50.781+02:00  INFO 91501 --- [TP1] [    Test worker] liquibase.util                           : Run:                          1
2025-04-17T16:19:50.782+02:00  INFO 91501 --- [TP1] [    Test worker] liquibase.util                           : Previously run:               0
2025-04-17T16:19:50.782+02:00  INFO 91501 --- [TP1] [    Test worker] liquibase.util                           : Filtered out:                 0
2025-04-17T16:19:50.782+02:00  INFO 91501 --- [TP1] [    Test worker] liquibase.util                           : -------------------------------
2025-04-17T16:19:50.782+02:00  INFO 91501 --- [TP1] [    Test worker] liquibase.util                           : Total change sets:            1
2025-04-17T16:19:50.784+02:00  INFO 91501 --- [TP1] [    Test worker] liquibase.util                           : Update summary generated
2025-04-17T16:19:50.787+02:00  INFO 91501 --- [TP1] [    Test worker] liquibase.command                        : Update command completed successfully.
2025-04-17T16:19:50.787+02:00  INFO 91501 --- [TP1] [    Test worker] liquibase.ui                             : Liquibase: Update has been successful. Rows affected: 1
2025-04-17T16:19:50.790+02:00  INFO 91501 --- [TP1] [    Test worker] liquibase.lockservice                    : Successfully released change log lock
2025-04-17T16:19:50.792+02:00  INFO 91501 --- [TP1] [    Test worker] liquibase.command                        : Command execution complete
2025-04-17T16:19:51.499+02:00  INFO 91501 --- [TP1] [    Test worker] c.e.d.i.driven.postgres.BookDAOTest      : Started BookDAOTest in 3.993 seconds (process running for 15.765)
]]></system-out>
  <system-err><![CDATA[]]></system-err>
</testsuite>
