<?xml version="1.0" encoding="UTF-8"?>
<testsuite name="com.example.demo.infrastructure.driven.postgres.BookDAOTest" tests="5" skipped="0" failures="0" errors="0" timestamp="2025-05-05T14:40:07.559Z" hostname="Hugo-Linux" time="0.169">
  <properties/>
  <testcase name="should not reserve a book already reserved()" classname="com.example.demo.infrastructure.driven.postgres.BookDAOTest" time="0.113"/>
  <testcase name="should reserve a book successfully()" classname="com.example.demo.infrastructure.driven.postgres.BookDAOTest" time="0.01"/>
  <testcase name="should save and retrieve a book()" classname="com.example.demo.infrastructure.driven.postgres.BookDAOTest" time="0.023"/>
  <testcase name="should save and retrieve multiple books()" classname="com.example.demo.infrastructure.driven.postgres.BookDAOTest" time="0.01"/>
  <testcase name="should retrieve empty list when no books()" classname="com.example.demo.infrastructure.driven.postgres.BookDAOTest" time="0.006"/>
  <system-out><![CDATA[16:39:59.866 [Test worker] INFO org.testcontainers.images.PullPolicy -- Image pull policy will be performed by: DefaultPullPolicy()
16:39:59.875 [Test worker] INFO org.testcontainers.utility.ImageNameSubstitutor -- Image name substitution will be performed by: DefaultImageNameSubstitutor (composite of 'ConfigurationFileImageNameSubstitutor' and 'PrefixingImageNameSubstitutor')
16:40:00.203 [Test worker] INFO org.testcontainers.dockerclient.DockerClientProviderStrategy -- Loaded org.testcontainers.dockerclient.UnixSocketClientProviderStrategy from ~/.testcontainers.properties, will try it first
16:40:00.627 [Test worker] INFO org.testcontainers.dockerclient.DockerClientProviderStrategy -- Found Docker environment with local Unix socket (unix:///var/run/docker.sock)
16:40:00.629 [Test worker] INFO org.testcontainers.DockerClientFactory -- Docker host IP address is localhost
16:40:00.651 [Test worker] INFO org.testcontainers.DockerClientFactory -- Connected to docker: 
  Server Version: 28.0.4
  API Version: 1.48
  Operating System: Linux Mint 21.3
  Total Memory: 15680 MB
16:40:00.754 [Test worker] INFO tc.testcontainers/ryuk:0.5.1 -- Creating container for image: testcontainers/ryuk:0.5.1
16:40:00.763 [Test worker] INFO org.testcontainers.utility.RegistryAuthLocator -- Failure when attempting to lookup auth config. Please ignore if you don't have images in an authenticated registry. Details: (dockerImageName: testcontainers/ryuk:0.5.1, configFile: /home/hugo/.docker/config.json, configEnv: DOCKER_AUTH_CONFIG). Falling back to docker-java default behaviour. Exception message: Status 404: No config supplied. Checked in order: /home/hugo/.docker/config.json (file not found), DOCKER_AUTH_CONFIG (not set)
16:40:00.996 [Test worker] INFO tc.testcontainers/ryuk:0.5.1 -- Container testcontainers/ryuk:0.5.1 is starting: 543c8305536103537579e24f7843e3653e2d4b4f18a218a9b40f0650eeee19d6
16:40:01.422 [Test worker] INFO tc.testcontainers/ryuk:0.5.1 -- Container testcontainers/ryuk:0.5.1 started in PT0.668091936S
16:40:01.428 [Test worker] INFO org.testcontainers.utility.RyukResourceReaper -- Ryuk started - will monitor and terminate Testcontainers containers on JVM exit
16:40:01.428 [Test worker] INFO org.testcontainers.DockerClientFactory -- Checking the system...
16:40:01.429 [Test worker] INFO org.testcontainers.DockerClientFactory -- ✔︎ Docker server version should be at least 1.6.0
16:40:01.430 [Test worker] INFO tc.postgres:15 -- Creating container for image: postgres:15
16:40:01.538 [Test worker] INFO tc.postgres:15 -- Container postgres:15 is starting: d56b81b4f0ee21067a296780182a258929e60e619ea81c2d09264516e0656592
16:40:03.154 [Test worker] INFO tc.postgres:15 -- Container postgres:15 started in PT1.724518122S
16:40:03.155 [Test worker] INFO tc.postgres:15 -- Container is started (JDBC URL: jdbc:postgresql://localhost:32790/testdb?loggerLevel=OFF)
16:40:03.268 [Test worker] INFO org.springframework.test.context.support.AnnotationConfigContextLoaderUtils -- Could not detect default configuration classes for test class [com.example.demo.infrastructure.driven.postgres.BookDAOTest]: BookDAOTest does not declare any static, non-private, non-final, nested classes annotated with @Configuration.
16:40:03.696 [Test worker] INFO org.springframework.boot.test.context.SpringBootTestContextBootstrapper -- Found @SpringBootConfiguration com.example.demo.Tp1Application for test class com.example.demo.infrastructure.driven.postgres.BookDAOTest

  .   ____          _            __ _ _
 /\\ / ___'_ __ _ _(_)_ __  __ _ \ \ \ \
( ( )\___ | '_ | '_| | '_ \/ _` | \ \ \ \
 \\/  ___)| |_)| | | | | || (_| |  ) ) ) )
  '  |____| .__|_| |_|_| |_\__, | / / / /
 =========|_|==============|___/=/_/_/_/

 :: Spring Boot ::                (v3.4.4)

2025-05-05T16:40:04.343+02:00  INFO 25225 --- [TP1] [    Test worker] c.e.d.i.driven.postgres.BookDAOTest      : Starting BookDAOTest using Java 21.0.6 with PID 25225 (started by hugo in /home/hugo/Travail/projects/test/TP1)
2025-05-05T16:40:04.345+02:00  INFO 25225 --- [TP1] [    Test worker] c.e.d.i.driven.postgres.BookDAOTest      : No active profile set, falling back to 1 default profile: "default"
2025-05-05T16:40:05.629+02:00  INFO 25225 --- [TP1] [    Test worker] com.zaxxer.hikari.HikariDataSource       : HikariPool-1 - Starting...
2025-05-05T16:40:05.872+02:00  INFO 25225 --- [TP1] [    Test worker] com.zaxxer.hikari.pool.HikariPool        : HikariPool-1 - Added connection org.postgresql.jdbc.PgConnection@56272a62
2025-05-05T16:40:05.874+02:00  INFO 25225 --- [TP1] [    Test worker] com.zaxxer.hikari.HikariDataSource       : HikariPool-1 - Start completed.
2025-05-05T16:40:06.096+02:00  INFO 25225 --- [TP1] [    Test worker] liquibase.database                       : Set default schema name to public
2025-05-05T16:40:06.587+02:00  INFO 25225 --- [TP1] [    Test worker] liquibase.changelog                      : Creating database history table with name: public.databasechangelog
2025-05-05T16:40:06.641+02:00  INFO 25225 --- [TP1] [    Test worker] liquibase.changelog                      : Reading from public.databasechangelog
2025-05-05T16:40:06.797+02:00  INFO 25225 --- [TP1] [    Test worker] liquibase.lockservice                    : Successfully acquired change log lock
2025-05-05T16:40:06.798+02:00  INFO 25225 --- [TP1] [    Test worker] liquibase.command                        : Using deploymentId: 6456006798
2025-05-05T16:40:06.801+02:00  INFO 25225 --- [TP1] [    Test worker] liquibase.changelog                      : Reading from public.databasechangelog
2025-05-05T16:40:06.824+02:00  INFO 25225 --- [TP1] [    Test worker] liquibase.ui                             : Running Changeset: db/changelog.xml::202504171600::hugo
2025-05-05T16:40:06.835+02:00  INFO 25225 --- [TP1] [    Test worker] liquibase.changelog                      : Table book created
2025-05-05T16:40:06.836+02:00  INFO 25225 --- [TP1] [    Test worker] liquibase.changelog                      : ChangeSet db/changelog.xml::202504171600::hugo ran successfully in 10ms
2025-05-05T16:40:06.845+02:00  INFO 25225 --- [TP1] [    Test worker] liquibase.ui                             : Running Changeset: db/changelog.xml::202505051000::hugo
2025-05-05T16:40:06.851+02:00  INFO 25225 --- [TP1] [    Test worker] liquibase.changelog                      : Columns is_reserved(BOOLEAN) added to book
2025-05-05T16:40:06.852+02:00  INFO 25225 --- [TP1] [    Test worker] liquibase.changelog                      : ChangeSet db/changelog.xml::202505051000::hugo ran successfully in 7ms
2025-05-05T16:40:06.863+02:00  INFO 25225 --- [TP1] [    Test worker] liquibase.util                           : UPDATE SUMMARY
2025-05-05T16:40:06.863+02:00  INFO 25225 --- [TP1] [    Test worker] liquibase.util                           : Run:                          2
2025-05-05T16:40:06.863+02:00  INFO 25225 --- [TP1] [    Test worker] liquibase.util                           : Previously run:               0
2025-05-05T16:40:06.863+02:00  INFO 25225 --- [TP1] [    Test worker] liquibase.util                           : Filtered out:                 0
2025-05-05T16:40:06.864+02:00  INFO 25225 --- [TP1] [    Test worker] liquibase.util                           : -------------------------------
2025-05-05T16:40:06.864+02:00  INFO 25225 --- [TP1] [    Test worker] liquibase.util                           : Total change sets:            2
2025-05-05T16:40:06.866+02:00  INFO 25225 --- [TP1] [    Test worker] liquibase.util                           : Update summary generated
2025-05-05T16:40:06.870+02:00  INFO 25225 --- [TP1] [    Test worker] liquibase.command                        : Update command completed successfully.
2025-05-05T16:40:06.871+02:00  INFO 25225 --- [TP1] [    Test worker] liquibase.ui                             : Liquibase: Update has been successful. Rows affected: 2
2025-05-05T16:40:06.873+02:00  INFO 25225 --- [TP1] [    Test worker] liquibase.lockservice                    : Successfully released change log lock
2025-05-05T16:40:06.875+02:00  INFO 25225 --- [TP1] [    Test worker] liquibase.command                        : Command execution complete
2025-05-05T16:40:07.527+02:00  INFO 25225 --- [TP1] [    Test worker] c.e.d.i.driven.postgres.BookDAOTest      : Started BookDAOTest in 3.6 seconds (process running for 12.222)
]]></system-out>
  <system-err><![CDATA[]]></system-err>
</testsuite>
