<?xml version="1.0" encoding="UTF-8"?>
<testsuite name="com.example.demo.Tp1ApplicationTests" tests="10" skipped="0" failures="0" errors="0" timestamp="2025-04-15T12:53:45.338Z" hostname="Hugo-Linux" time="0.208">
  <properties/>
  <testcase name="should throw if char is not a single character" classname="com.example.demo.Tp1ApplicationTests" time="0.013"/>
  <testcase name="should throw if char is not uppercase" classname="com.example.demo.Tp1ApplicationTests" time="0.001"/>
  <testcase name="should throw if key is negative" classname="com.example.demo.Tp1ApplicationTests" time="0.0"/>
  <testcase name="should return C when input is A and key is 2" classname="com.example.demo.Tp1ApplicationTests" time="0.001"/>
  <testcase name="should return F when input is A and key is 5" classname="com.example.demo.Tp1ApplicationTests" time="0.001"/>
  <testcase name="should return A when input is Z and key is 1" classname="com.example.demo.Tp1ApplicationTests" time="0.001"/>
  <testcase name="should return B when input is A and key is 27" classname="com.example.demo.Tp1ApplicationTests" time="0.0"/>
  <testcase name="Cipher with key 0 return alaways the same letter" classname="com.example.demo.Tp1ApplicationTests" time="0.104"/>
  <testcase name="Cipher with key 26 return alaways the same letter" classname="com.example.demo.Tp1ApplicationTests" time="0.022"/>
  <testcase name="Cipher alaways retuen an uppercase Char" classname="com.example.demo.Tp1ApplicationTests" time="0.037"/>
  <system-out><![CDATA[]]></system-out>
  <system-err><![CDATA[]]></system-err>
</testsuite>
